# JRE version: OpenJDK Runtime Environment (8.0_152-b01) (build 1.8.0_152-release-915-b01)
# Java VM: OpenJDK 64-Bit Server VM (25.152-b01 mixed mode linux-amd64 compressed oops)
Heap:
 PSYoungGen      total 427008K, used 375909K [0x00000000e0000000, 0x00000000fc980000, 0x0000000100000000)
  eden space 395776K, 94% used [0x00000000e0000000,0x00000000f6f196a0,0x00000000f8280000)
  from space 31232K, 0% used [0x00000000f9f80000,0x00000000f9f80000,0x00000000fbe00000)
  to   space 29696K, 0% used [0x00000000f8280000,0x00000000f8280000,0x00000000f9f80000)
 ParOldGen       total 137728K, used 69100K [0x00000000a0000000, 0x00000000a8680000, 0x00000000e0000000)
  object space 137728K, 50% used [0x00000000a0000000,0x00000000a437b288,0x00000000a8680000)
 Metaspace       used 77830K, capacity 81512K, committed 81880K, reserved 1120256K
  class space    used 10003K, capacity 10891K, committed 11008K, reserved 1048576K
GC Heap History (10 events):
Event: 246.971 GC heap before
{Heap before GC invocations=16 (full 3):
 PSYoungGen      total 285184K, used 12472K [0x00000000e0000000, 0x00000000f6980000, 0x0000000100000000)
  eden space 266752K, 0% used [0x00000000e0000000,0x00000000e0000000,0x00000000f0480000)
  from space 18432K, 67% used [0x00000000f0480000,0x00000000f10ae110,0x00000000f1680000)
  to   space 18944K, 0% used [0x00000000f5700000,0x00000000f5700000,0x00000000f6980000)
 ParOldGen       total 52736K, used 35480K [0x00000000a0000000, 0x00000000a3380000, 0x00000000e0000000)
  object space 52736K, 67% used [0x00000000a0000000,0x00000000a22a6080,0x00000000a3380000)
 Metaspace       used 57280K, capacity 58876K, committed 59028K, reserved 1099776K
  class space    used 7464K, capacity 7920K, committed 7936K, reserved 1048576K
Event: 248.213 GC heap after
Heap after GC invocations=16 (full 3):
 PSYoungGen      total 285184K, used 0K [0x00000000e0000000, 0x00000000f6980000, 0x0000000100000000)
  eden space 266752K, 0% used [0x00000000e0000000,0x00000000e0000000,0x00000000f0480000)
  from space 18432K, 0% used [0x00000000f0480000,0x00000000f0480000,0x00000000f1680000)
  to   space 18944K, 0% used [0x00000000f5700000,0x00000000f5700000,0x00000000f6980000)
 ParOldGen       total 83968K, used 36912K [0x00000000a0000000, 0x00000000a5200000, 0x00000000e0000000)
  object space 83968K, 43% used [0x00000000a0000000,0x00000000a240c260,0x00000000a5200000)
 Metaspace       used 57237K, capacity 58770K, committed 59028K, reserved 1099776K
  class space    used 7451K, capacity 7906K, committed 7936K, reserved 1048576K
}
Event: 331.350 GC heap before
{Heap before GC invocations=17 (full 3):
 PSYoungGen      total 285184K, used 266752K [0x00000000e0000000, 0x00000000f6980000, 0x0000000100000000)
  eden space 266752K, 100% used [0x00000000e0000000,0x00000000f0480000,0x00000000f0480000)
  from space 18432K, 0% used [0x00000000f0480000,0x00000000f0480000,0x00000000f1680000)
  to   space 18944K, 0% used [0x00000000f5700000,0x00000000f5700000,0x00000000f6980000)
 ParOldGen       total 83968K, used 36912K [0x00000000a0000000, 0x00000000a5200000, 0x00000000e0000000)
  object space 83968K, 43% used [0x00000000a0000000,0x00000000a240c260,0x00000000a5200000)
 Metaspace       used 63404K, capacity 65790K, committed 65880K, reserved 1105920K
  class space    used 8463K, capacity 9084K, committed 9088K, reserved 1048576K
Event: 331.640 GC heap after
Heap after GC invocations=17 (full 3):
 PSYoungGen      total 346112K, used 18921K [0x00000000e0000000, 0x00000000f7280000, 0x0000000100000000)
  eden space 327168K, 0% used [0x00000000e0000000,0x00000000e0000000,0x00000000f3f80000)
  from space 18944K, 99% used [0x00000000f5700000,0x00000000f697a760,0x00000000f6980000)
  to   space 24064K, 0% used [0x00000000f3f80000,0x00000000f3f80000,0x00000000f5700000)
 ParOldGen       total 83968K, used 42683K [0x00000000a0000000, 0x00000000a5200000, 0x00000000e0000000)
  object space 83968K, 50% used [0x00000000a0000000,0x00000000a29aef18,0x00000000a5200000)
 Metaspace       used 63404K, capacity 65790K, committed 65880K, reserved 1105920K
  class space    used 8463K, capacity 9084K, committed 9088K, reserved 1048576K
}
Event: 885.333 GC heap before
{Heap before GC invocations=18 (full 3):
 PSYoungGen      total 346112K, used 346089K [0x00000000e0000000, 0x00000000f7280000, 0x0000000100000000)
  eden space 327168K, 100% used [0x00000000e0000000,0x00000000f3f80000,0x00000000f3f80000)
  from space 18944K, 99% used [0x00000000f5700000,0x00000000f697a760,0x00000000f6980000)
  to   space 24064K, 0% used [0x00000000f3f80000,0x00000000f3f80000,0x00000000f5700000)
 ParOldGen       total 83968K, used 42683K [0x00000000a0000000, 0x00000000a5200000, 0x00000000e0000000)
  object space 83968K, 50% used [0x00000000a0000000,0x00000000a29aef18,0x00000000a5200000)
 Metaspace       used 69792K, capacity 72788K, committed 73048K, reserved 1112064K
  class space    used 9071K, capacity 9847K, committed 9856K, reserved 1048576K
Event: 885.681 GC heap after
Heap after GC invocations=18 (full 3):
 PSYoungGen      total 351232K, used 24053K [0x00000000e0000000, 0x00000000fbe00000, 0x0000000100000000)
  eden space 327168K, 0% used [0x00000000e0000000,0x00000000e0000000,0x00000000f3f80000)
  from space 24064K, 99% used [0x00000000f3f80000,0x00000000f56fd5d0,0x00000000f5700000)
  to   space 31232K, 0% used [0x00000000f9f80000,0x00000000f9f80000,0x00000000fbe00000)
 ParOldGen       total 83968K, used 51956K [0x00000000a0000000, 0x00000000a5200000, 0x00000000e0000000)
  object space 83968K, 61% used [0x00000000a0000000,0x00000000a32bd1d8,0x00000000a5200000)
 Metaspace       used 69792K, capacity 72788K, committed 73048K, reserved 1112064K
  class space    used 9071K, capacity 9847K, committed 9856K, reserved 1048576K
}
Event: 920.938 GC heap before
{Heap before GC invocations=19 (full 3):
 PSYoungGen      total 351232K, used 351220K [0x00000000e0000000, 0x00000000fbe00000, 0x0000000100000000)
  eden space 327168K, 99% used [0x00000000e0000000,0x00000000f3f7fb70,0x00000000f3f80000)
  from space 24064K, 99% used [0x00000000f3f80000,0x00000000f56fd5d0,0x00000000f5700000)
  to   space 31232K, 0% used [0x00000000f9f80000,0x00000000f9f80000,0x00000000fbe00000)
 ParOldGen       total 83968K, used 51956K [0x00000000a0000000, 0x00000000a5200000, 0x00000000e0000000)
  object space 83968K, 61% used [0x00000000a0000000,0x00000000a32bd1d8,0x00000000a5200000)
 Metaspace       used 75406K, capacity 78692K, committed 78936K, reserved 1118208K
  class space    used 9699K, capacity 10539K, committed 10624K, reserved 1048576K
Event: 921.481 GC heap after
Heap after GC invocations=19 (full 3):
 PSYoungGen      total 427008K, used 14107K [0x00000000e0000000, 0x00000000fc980000, 0x0000000100000000)
  eden space 395776K, 0% used [0x00000000e0000000,0x00000000e0000000,0x00000000f8280000)
  from space 31232K, 45% used [0x00000000f9f80000,0x00000000fad46ef8,0x00000000fbe00000)
  to   space 29696K, 0% used [0x00000000f8280000,0x00000000f8280000,0x00000000f9f80000)
 ParOldGen       total 83968K, used 75744K [0x00000000a0000000, 0x00000000a5200000, 0x00000000e0000000)
  object space 83968K, 90% used [0x00000000a0000000,0x00000000a49f8320,0x00000000a5200000)
 Metaspace       used 75406K, capacity 78692K, committed 78936K, reserved 1118208K
  class space    used 9699K, capacity 10539K, committed 10624K, reserved 1048576K
}
Event: 921.481 GC heap before
{Heap before GC invocations=20 (full 4):
 PSYoungGen      total 427008K, used 14107K [0x00000000e0000000, 0x00000000fc980000, 0x0000000100000000)
  eden space 395776K, 0% used [0x00000000e0000000,0x00000000e0000000,0x00000000f8280000)
  from space 31232K, 45% used [0x00000000f9f80000,0x00000000fad46ef8,0x00000000fbe00000)
  to   space 29696K, 0% used [0x00000000f8280000,0x00000000f8280000,0x00000000f9f80000)
 ParOldGen       total 83968K, used 75744K [0x00000000a0000000, 0x00000000a5200000, 0x00000000e0000000)
  object space 83968K, 90% used [0x00000000a0000000,0x00000000a49f8320,0x00000000a5200000)
 Metaspace       used 75406K, capacity 78692K, committed 78936K, reserved 1118208K
  class space    used 9699K, capacity 10539K, committed 10624K, reserved 1048576K
Event: 923.054 GC heap after
Heap after GC invocations=20 (full 4):
 PSYoungGen      total 427008K, used 0K [0x00000000e0000000, 0x00000000fc980000, 0x0000000100000000)
  eden space 395776K, 0% used [0x00000000e0000000,0x00000000e0000000,0x00000000f8280000)
  from space 31232K, 0% used [0x00000000f9f80000,0x00000000f9f80000,0x00000000fbe00000)
  to   space 29696K, 0% used [0x00000000f8280000,0x00000000f8280000,0x00000000f9f80000)
 ParOldGen       total 137728K, used 69100K [0x00000000a0000000, 0x00000000a8680000, 0x00000000e0000000)
  object space 137728K, 50% used [0x00000000a0000000,0x00000000a437b288,0x00000000a8680000)
 Metaspace       used 75406K, capacity 78692K, committed 78936K, reserved 1118208K
  class space    used 9699K, capacity 10539K, committed 10624K, reserved 1048576K
}

