# JRE version: OpenJDK Runtime Environment (8.0_152-b01) (build 1.8.0_152-release-915-b01)
# Java VM: OpenJDK 64-Bit Server VM (25.152-b01 mixed mode linux-amd64 compressed oops)
Heap:
 PSYoungGen      total 203776K, used 127821K [0x00000000e0000000, 0x00000000ed900000, 0x0000000100000000)
  eden space 193024K, 60% used [0x00000000e0000000,0x00000000e72a79d8,0x00000000ebc80000)
  from space 10752K, 96% used [0x00000000ece80000,0x00000000ed8abd00,0x00000000ed900000)
  to   space 14336K, 0% used [0x00000000ebd00000,0x00000000ebd00000,0x00000000ecb00000)
 ParOldGen       total 46592K, used 31344K [0x00000000a0000000, 0x00000000a2d80000, 0x00000000e0000000)
  object space 46592K, 67% used [0x00000000a0000000,0x00000000a1e9c298,0x00000000a2d80000)
 Metaspace       used 56536K, capacity 58394K, committed 58584K, reserved 1099776K
  class space    used 7615K, capacity 8095K, committed 8192K, reserved 1048576K
GC Heap History (10 events):
Event: 128.893 GC heap before
{Heap before GC invocations=10 (full 1):
 PSYoungGen      total 112128K, used 112034K [0x00000000e0000000, 0x00000000e8400000, 0x0000000100000000)
  eden space 104960K, 100% used [0x00000000e0000000,0x00000000e6680000,0x00000000e6680000)
  from space 7168K, 98% used [0x00000000e7d00000,0x00000000e83e8b78,0x00000000e8400000)
  to   space 9216K, 0% used [0x00000000e7200000,0x00000000e7200000,0x00000000e7b00000)
 ParOldGen       total 32256K, used 9350K [0x00000000a0000000, 0x00000000a1f80000, 0x00000000e0000000)
  object space 32256K, 28% used [0x00000000a0000000,0x00000000a0921958,0x00000000a1f80000)
 Metaspace       used 30638K, capacity 31210K, committed 31616K, reserved 1077248K
  class space    used 4174K, capacity 4382K, committed 4480K, reserved 1048576K
Event: 129.217 GC heap after
Heap after GC invocations=10 (full 1):
 PSYoungGen      total 125952K, used 8977K [0x00000000e0000000, 0x00000000ea580000, 0x0000000100000000)
  eden space 116736K, 0% used [0x00000000e0000000,0x00000000e0000000,0x00000000e7200000)
  from space 9216K, 97% used [0x00000000e7200000,0x00000000e7ac4770,0x00000000e7b00000)
  to   space 10240K, 0% used [0x00000000e9b80000,0x00000000e9b80000,0x00000000ea580000)
 ParOldGen       total 32256K, used 9422K [0x00000000a0000000, 0x00000000a1f80000, 0x00000000e0000000)
  object space 32256K, 29% used [0x00000000a0000000,0x00000000a0933968,0x00000000a1f80000)
 Metaspace       used 30638K, capacity 31210K, committed 31616K, reserved 1077248K
  class space    used 4174K, capacity 4382K, committed 4480K, reserved 1048576K
}
Event: 141.662 GC heap before
{Heap before GC invocations=11 (full 1):
 PSYoungGen      total 125952K, used 35794K [0x00000000e0000000, 0x00000000ea580000, 0x0000000100000000)
  eden space 116736K, 22% used [0x00000000e0000000,0x00000000e1a301e0,0x00000000e7200000)
  from space 9216K, 97% used [0x00000000e7200000,0x00000000e7ac4770,0x00000000e7b00000)
  to   space 10240K, 0% used [0x00000000e9b80000,0x00000000e9b80000,0x00000000ea580000)
 ParOldGen       total 32256K, used 9422K [0x00000000a0000000, 0x00000000a1f80000, 0x00000000e0000000)
  object space 32256K, 29% used [0x00000000a0000000,0x00000000a0933968,0x00000000a1f80000)
 Metaspace       used 34542K, capacity 35198K, committed 35416K, reserved 1079296K
  class space    used 4691K, capacity 4929K, committed 4992K, reserved 1048576K
Event: 142.372 GC heap after
Heap after GC invocations=11 (full 1):
 PSYoungGen      total 159232K, used 5996K [0x00000000e0000000, 0x00000000eb680000, 0x0000000100000000)
  eden space 148992K, 0% used [0x00000000e0000000,0x00000000e0000000,0x00000000e9180000)
  from space 10240K, 58% used [0x00000000e9b80000,0x00000000ea15b278,0x00000000ea580000)
  to   space 10240K, 0% used [0x00000000e9180000,0x00000000e9180000,0x00000000e9b80000)
 ParOldGen       total 32256K, used 12883K [0x00000000a0000000, 0x00000000a1f80000, 0x00000000e0000000)
  object space 32256K, 39% used [0x00000000a0000000,0x00000000a0c94ca8,0x00000000a1f80000)
 Metaspace       used 34542K, capacity 35198K, committed 35416K, reserved 1079296K
  class space    used 4691K, capacity 4929K, committed 4992K, reserved 1048576K
}
Event: 142.372 GC heap before
{Heap before GC invocations=12 (full 2):
 PSYoungGen      total 159232K, used 5996K [0x00000000e0000000, 0x00000000eb680000, 0x0000000100000000)
  eden space 148992K, 0% used [0x00000000e0000000,0x00000000e0000000,0x00000000e9180000)
  from space 10240K, 58% used [0x00000000e9b80000,0x00000000ea15b278,0x00000000ea580000)
  to   space 10240K, 0% used [0x00000000e9180000,0x00000000e9180000,0x00000000e9b80000)
 ParOldGen       total 32256K, used 12883K [0x00000000a0000000, 0x00000000a1f80000, 0x00000000e0000000)
  object space 32256K, 39% used [0x00000000a0000000,0x00000000a0c94ca8,0x00000000a1f80000)
 Metaspace       used 34542K, capacity 35198K, committed 35416K, reserved 1079296K
  class space    used 4691K, capacity 4929K, committed 4992K, reserved 1048576K
Event: 145.824 GC heap after
Heap after GC invocations=12 (full 2):
 PSYoungGen      total 159232K, used 0K [0x00000000e0000000, 0x00000000eb680000, 0x0000000100000000)
  eden space 148992K, 0% used [0x00000000e0000000,0x00000000e0000000,0x00000000e9180000)
  from space 10240K, 0% used [0x00000000e9b80000,0x00000000e9b80000,0x00000000ea580000)
  to   space 10240K, 0% used [0x00000000e9180000,0x00000000e9180000,0x00000000e9b80000)
 ParOldGen       total 46592K, used 15510K [0x00000000a0000000, 0x00000000a2d80000, 0x00000000e0000000)
  object space 46592K, 33% used [0x00000000a0000000,0x00000000a0f25898,0x00000000a2d80000)
 Metaspace       used 34542K, capacity 35198K, committed 35416K, reserved 1079296K
  class space    used 4691K, capacity 4929K, committed 4992K, reserved 1048576K
}
Event: 197.436 GC heap before
{Heap before GC invocations=13 (full 2):
 PSYoungGen      total 159232K, used 148992K [0x00000000e0000000, 0x00000000eb680000, 0x0000000100000000)
  eden space 148992K, 100% used [0x00000000e0000000,0x00000000e9180000,0x00000000e9180000)
  from space 10240K, 0% used [0x00000000e9b80000,0x00000000e9b80000,0x00000000ea580000)
  to   space 10240K, 0% used [0x00000000e9180000,0x00000000e9180000,0x00000000e9b80000)
 ParOldGen       total 46592K, used 15510K [0x00000000a0000000, 0x00000000a2d80000, 0x00000000e0000000)
  object space 46592K, 33% used [0x00000000a0000000,0x00000000a0f25898,0x00000000a2d80000)
 Metaspace       used 44442K, capacity 45396K, committed 45656K, reserved 1089536K
  class space    used 5965K, capacity 6252K, committed 6272K, reserved 1048576K
Event: 197.535 GC heap after
Heap after GC invocations=13 (full 2):
 PSYoungGen      total 159232K, used 10220K [0x00000000e0000000, 0x00000000edc00000, 0x0000000100000000)
  eden space 148992K, 0% used [0x00000000e0000000,0x00000000e0000000,0x00000000e9180000)
  from space 10240K, 99% used [0x00000000e9180000,0x00000000e9b7b2f0,0x00000000e9b80000)
  to   space 13824K, 0% used [0x00000000ece80000,0x00000000ece80000,0x00000000edc00000)
 ParOldGen       total 46592K, used 21448K [0x00000000a0000000, 0x00000000a2d80000, 0x00000000e0000000)
  object space 46592K, 46% used [0x00000000a0000000,0x00000000a14f2140,0x00000000a2d80000)
 Metaspace       used 44442K, capacity 45396K, committed 45656K, reserved 1089536K
  class space    used 5965K, capacity 6252K, committed 6272K, reserved 1048576K
}
Event: 226.235 GC heap before
{Heap before GC invocations=14 (full 2):
 PSYoungGen      total 159232K, used 159212K [0x00000000e0000000, 0x00000000edc00000, 0x0000000100000000)
  eden space 148992K, 100% used [0x00000000e0000000,0x00000000e9180000,0x00000000e9180000)
  from space 10240K, 99% used [0x00000000e9180000,0x00000000e9b7b2f0,0x00000000e9b80000)
  to   space 13824K, 0% used [0x00000000ece80000,0x00000000ece80000,0x00000000edc00000)
 ParOldGen       total 46592K, used 21448K [0x00000000a0000000, 0x00000000a2d80000, 0x00000000e0000000)
  object space 46592K, 46% used [0x00000000a0000000,0x00000000a14f2140,0x00000000a2d80000)
 Metaspace       used 52184K, capacity 54008K, committed 54104K, reserved 1095680K
  class space    used 7020K, capacity 7462K, committed 7552K, reserved 1048576K
Event: 226.555 GC heap after
Heap after GC invocations=14 (full 2):
 PSYoungGen      total 203776K, used 10415K [0x00000000e0000000, 0x00000000ed900000, 0x0000000100000000)
  eden space 193024K, 0% used [0x00000000e0000000,0x00000000e0000000,0x00000000ebc80000)
  from space 10752K, 96% used [0x00000000ece80000,0x00000000ed8abd00,0x00000000ed900000)
  to   space 14336K, 0% used [0x00000000ebd00000,0x00000000ebd00000,0x00000000ecb00000)
 ParOldGen       total 46592K, used 31344K [0x00000000a0000000, 0x00000000a2d80000, 0x00000000e0000000)
  object space 46592K, 67% used [0x00000000a0000000,0x00000000a1e9c298,0x00000000a2d80000)
 Metaspace       used 52184K, capacity 54008K, committed 54104K, reserved 1095680K
  class space    used 7020K, capacity 7462K, committed 7552K, reserved 1048576K
}

