# JRE version: OpenJDK Runtime Environment (8.0_152-b01) (build 1.8.0_152-release-915-b01)
# Java VM: OpenJDK 64-Bit Server VM (25.152-b01 mixed mode linux-amd64 compressed oops)
Heap:
 PSYoungGen      total 318464K, used 218711K [0x00000000e0000000, 0x00000000f8d00000, 0x0000000100000000)
  eden space 281088K, 64% used [0x00000000e0000000,0x00000000eb117268,0x00000000f1280000)
  from space 37376K, 99% used [0x00000000f1280000,0x00000000f36feac0,0x00000000f3700000)
  to   space 45056K, 0% used [0x00000000f6100000,0x00000000f6100000,0x00000000f8d00000)
 ParOldGen       total 90112K, used 49330K [0x00000000a0000000, 0x00000000a5800000, 0x00000000e0000000)
  object space 90112K, 54% used [0x00000000a0000000,0x00000000a302ca30,0x00000000a5800000)
 Metaspace       used 87876K, capacity 92670K, committed 93016K, reserved 1130496K
  class space    used 11474K, capacity 12556K, committed 12672K, reserved 1048576K
GC Heap History (10 events):
Event: 72.660 GC heap before
{Heap before GC invocations=16 (full 3):
 PSYoungGen      total 201728K, used 183808K [0x00000000e0000000, 0x00000000eec00000, 0x0000000100000000)
  eden space 183808K, 100% used [0x00000000e0000000,0x00000000eb380000,0x00000000eb380000)
  from space 17920K, 0% used [0x00000000ec800000,0x00000000ec800000,0x00000000ed980000)
  to   space 20992K, 0% used [0x00000000eb380000,0x00000000eb380000,0x00000000ec800000)
 ParOldGen       total 90112K, used 34077K [0x00000000a0000000, 0x00000000a5800000, 0x00000000e0000000)
  object space 90112K, 37% used [0x00000000a0000000,0x00000000a21475d0,0x00000000a5800000)
 Metaspace       used 61995K, capacity 64306K, committed 64472K, reserved 1105920K
  class space    used 8312K, capacity 8907K, committed 8960K, reserved 1048576K
Event: 73.478 GC heap after
Heap after GC invocations=16 (full 3):
 PSYoungGen      total 204800K, used 19507K [0x00000000e0000000, 0x00000000f1400000, 0x0000000100000000)
  eden space 183808K, 0% used [0x00000000e0000000,0x00000000e0000000,0x00000000eb380000)
  from space 20992K, 92% used [0x00000000eb380000,0x00000000ec68cf38,0x00000000ec800000)
  to   space 23552K, 0% used [0x00000000efd00000,0x00000000efd00000,0x00000000f1400000)
 ParOldGen       total 90112K, used 34085K [0x00000000a0000000, 0x00000000a5800000, 0x00000000e0000000)
  object space 90112K, 37% used [0x00000000a0000000,0x00000000a21495d0,0x00000000a5800000)
 Metaspace       used 61995K, capacity 64306K, committed 64472K, reserved 1105920K
  class space    used 8312K, capacity 8907K, committed 8960K, reserved 1048576K
}
Event: 158.488 GC heap before
{Heap before GC invocations=17 (full 3):
 PSYoungGen      total 204800K, used 203315K [0x00000000e0000000, 0x00000000f1400000, 0x0000000100000000)
  eden space 183808K, 100% used [0x00000000e0000000,0x00000000eb380000,0x00000000eb380000)
  from space 20992K, 92% used [0x00000000eb380000,0x00000000ec68cf38,0x00000000ec800000)
  to   space 23552K, 0% used [0x00000000efd00000,0x00000000efd00000,0x00000000f1400000)
 ParOldGen       total 90112K, used 34085K [0x00000000a0000000, 0x00000000a5800000, 0x00000000e0000000)
  object space 90112K, 37% used [0x00000000a0000000,0x00000000a21495d0,0x00000000a5800000)
 Metaspace       used 67548K, capacity 70274K, committed 70488K, reserved 1110016K
  class space    used 8873K, capacity 9554K, committed 9600K, reserved 1048576K
Event: 158.880 GC heap after
Heap after GC invocations=17 (full 3):
 PSYoungGen      total 253440K, used 23544K [0x00000000e0000000, 0x00000000f1880000, 0x0000000100000000)
  eden space 229888K, 0% used [0x00000000e0000000,0x00000000e0000000,0x00000000ee080000)
  from space 23552K, 99% used [0x00000000efd00000,0x00000000f13fe3a8,0x00000000f1400000)
  to   space 28672K, 0% used [0x00000000ee080000,0x00000000ee080000,0x00000000efc80000)
 ParOldGen       total 90112K, used 38729K [0x00000000a0000000, 0x00000000a5800000, 0x00000000e0000000)
  object space 90112K, 42% used [0x00000000a0000000,0x00000000a25d2780,0x00000000a5800000)
 Metaspace       used 67548K, capacity 70274K, committed 70488K, reserved 1110016K
  class space    used 8873K, capacity 9554K, committed 9600K, reserved 1048576K
}
Event: 293.705 GC heap before
{Heap before GC invocations=18 (full 3):
 PSYoungGen      total 253440K, used 253432K [0x00000000e0000000, 0x00000000f1880000, 0x0000000100000000)
  eden space 229888K, 100% used [0x00000000e0000000,0x00000000ee080000,0x00000000ee080000)
  from space 23552K, 99% used [0x00000000efd00000,0x00000000f13fe3a8,0x00000000f1400000)
  to   space 28672K, 0% used [0x00000000ee080000,0x00000000ee080000,0x00000000efc80000)
 ParOldGen       total 90112K, used 38729K [0x00000000a0000000, 0x00000000a5800000, 0x00000000e0000000)
  object space 90112K, 42% used [0x00000000a0000000,0x00000000a25d2780,0x00000000a5800000)
 Metaspace       used 73616K, capacity 76732K, committed 76888K, reserved 1116160K
  class space    used 9563K, capacity 10341K, committed 10368K, reserved 1048576K
Event: 294.719 GC heap after
Heap after GC invocations=18 (full 3):
 PSYoungGen      total 258560K, used 28649K [0x00000000e0000000, 0x00000000f5a00000, 0x0000000100000000)
  eden space 229888K, 0% used [0x00000000e0000000,0x00000000e0000000,0x00000000ee080000)
  from space 28672K, 99% used [0x00000000ee080000,0x00000000efc7a4a8,0x00000000efc80000)
  to   space 35840K, 0% used [0x00000000f3700000,0x00000000f3700000,0x00000000f5a00000)
 ParOldGen       total 90112K, used 45417K [0x00000000a0000000, 0x00000000a5800000, 0x00000000e0000000)
  object space 90112K, 50% used [0x00000000a0000000,0x00000000a2c5a690,0x00000000a5800000)
 Metaspace       used 73616K, capacity 76732K, committed 76888K, reserved 1116160K
  class space    used 9563K, capacity 10341K, committed 10368K, reserved 1048576K
}
Event: 325.628 GC heap before
{Heap before GC invocations=19 (full 3):
 PSYoungGen      total 258560K, used 258537K [0x00000000e0000000, 0x00000000f5a00000, 0x0000000100000000)
  eden space 229888K, 100% used [0x00000000e0000000,0x00000000ee080000,0x00000000ee080000)
  from space 28672K, 99% used [0x00000000ee080000,0x00000000efc7a4a8,0x00000000efc80000)
  to   space 35840K, 0% used [0x00000000f3700000,0x00000000f3700000,0x00000000f5a00000)
 ParOldGen       total 90112K, used 45417K [0x00000000a0000000, 0x00000000a5800000, 0x00000000e0000000)
  object space 90112K, 50% used [0x00000000a0000000,0x00000000a2c5a690,0x00000000a5800000)
 Metaspace       used 74259K, capacity 77558K, committed 77784K, reserved 1116160K
  class space    used 9643K, capacity 10438K, committed 10496K, reserved 1048576K
Event: 326.008 GC heap after
Heap after GC invocations=19 (full 3):
 PSYoungGen      total 316928K, used 24153K [0x00000000e0000000, 0x00000000f5c80000, 0x0000000100000000)
  eden space 281088K, 0% used [0x00000000e0000000,0x00000000e0000000,0x00000000f1280000)
  from space 35840K, 67% used [0x00000000f3700000,0x00000000f4e96458,0x00000000f5a00000)
  to   space 37376K, 0% used [0x00000000f1280000,0x00000000f1280000,0x00000000f3700000)
 ParOldGen       total 90112K, used 45425K [0x00000000a0000000, 0x00000000a5800000, 0x00000000e0000000)
  object space 90112K, 50% used [0x00000000a0000000,0x00000000a2c5c690,0x00000000a5800000)
 Metaspace       used 74259K, capacity 77558K, committed 77784K, reserved 1116160K
  class space    used 9643K, capacity 10438K, committed 10496K, reserved 1048576K
}
Event: 1018.497 GC heap before
{Heap before GC invocations=20 (full 3):
 PSYoungGen      total 316928K, used 305241K [0x00000000e0000000, 0x00000000f5c80000, 0x0000000100000000)
  eden space 281088K, 100% used [0x00000000e0000000,0x00000000f1280000,0x00000000f1280000)
  from space 35840K, 67% used [0x00000000f3700000,0x00000000f4e96458,0x00000000f5a00000)
  to   space 37376K, 0% used [0x00000000f1280000,0x00000000f1280000,0x00000000f3700000)
 ParOldGen       total 90112K, used 45425K [0x00000000a0000000, 0x00000000a5800000, 0x00000000e0000000)
  object space 90112K, 50% used [0x00000000a0000000,0x00000000a2c5c690,0x00000000a5800000)
 Metaspace       used 82066K, capacity 86250K, committed 86360K, reserved 1124352K
  class space    used 10634K, capacity 11625K, committed 11648K, reserved 1048576K
Event: 1018.684 GC heap after
Heap after GC invocations=20 (full 3):
 PSYoungGen      total 318464K, used 37370K [0x00000000e0000000, 0x00000000f8d00000, 0x0000000100000000)
  eden space 281088K, 0% used [0x00000000e0000000,0x00000000e0000000,0x00000000f1280000)
  from space 37376K, 99% used [0x00000000f1280000,0x00000000f36feac0,0x00000000f3700000)
  to   space 45056K, 0% used [0x00000000f6100000,0x00000000f6100000,0x00000000f8d00000)
 ParOldGen       total 90112K, used 49330K [0x00000000a0000000, 0x00000000a5800000, 0x00000000e0000000)
  object space 90112K, 54% used [0x00000000a0000000,0x00000000a302ca30,0x00000000a5800000)
 Metaspace       used 82066K, capacity 86250K, committed 86360K, reserved 1124352K
  class space    used 10634K, capacity 11625K, committed 11648K, reserved 1048576K
}

