# JRE version: OpenJDK Runtime Environment (8.0_152-b01) (build 1.8.0_152-release-915-b01)
# Java VM: OpenJDK 64-Bit Server VM (25.152-b01 mixed mode linux-amd64 compressed oops)
Heap:
 PSYoungGen      total 152576K, used 63819K [0x00000000e0000000, 0x00000000ec700000, 0x0000000100000000)
  eden space 136192K, 34% used [0x00000000e0000000,0x00000000e2e53308,0x00000000e8500000)
  from space 16384K, 99% used [0x00000000e8500000,0x00000000e94ffbc0,0x00000000e9500000)
  to   space 21504K, 0% used [0x00000000eb200000,0x00000000eb200000,0x00000000ec700000)
 ParOldGen       total 64000K, used 24579K [0x00000000a0000000, 0x00000000a3e80000, 0x00000000e0000000)
  object space 64000K, 38% used [0x00000000a0000000,0x00000000a1800eb0,0x00000000a3e80000)
 Metaspace       used 56508K, capacity 58394K, committed 58584K, reserved 1099776K
  class space    used 7610K, capacity 8095K, committed 8192K, reserved 1048576K
GC Heap History (10 events):
Event: 94.850 GC heap before
{Heap before GC invocations=9 (full 1):
 PSYoungGen      total 114176K, used 52940K [0x00000000e0000000, 0x00000000e8200000, 0x0000000100000000)
  eden space 105984K, 42% used [0x00000000e0000000,0x00000000e2bbff30,0x00000000e6780000)
  from space 8192K, 99% used [0x00000000e7480000,0x00000000e7c73140,0x00000000e7c80000)
  to   space 5632K, 0% used [0x00000000e7c80000,0x00000000e7c80000,0x00000000e8200000)
 ParOldGen       total 41984K, used 9524K [0x00000000a0000000, 0x00000000a2900000, 0x00000000e0000000)
  object space 41984K, 22% used [0x00000000a0000000,0x00000000a094d1d0,0x00000000a2900000)
 Metaspace       used 34532K, capacity 35230K, committed 35416K, reserved 1079296K
  class space    used 4691K, capacity 4961K, committed 4992K, reserved 1048576K
Event: 95.227 GC heap after
Heap after GC invocations=9 (full 1):
 PSYoungGen      total 120832K, used 5616K [0x00000000e0000000, 0x00000000e9f80000, 0x0000000100000000)
  eden space 115200K, 0% used [0x00000000e0000000,0x00000000e0000000,0x00000000e7080000)
  from space 5632K, 99% used [0x00000000e7c80000,0x00000000e81fc010,0x00000000e8200000)
  to   space 12288K, 0% used [0x00000000e7080000,0x00000000e7080000,0x00000000e7c80000)
 ParOldGen       total 41984K, used 13613K [0x00000000a0000000, 0x00000000a2900000, 0x00000000e0000000)
  object space 41984K, 32% used [0x00000000a0000000,0x00000000a0d4b7d8,0x00000000a2900000)
 Metaspace       used 34532K, capacity 35230K, committed 35416K, reserved 1079296K
  class space    used 4691K, capacity 4961K, committed 4992K, reserved 1048576K
}
Event: 95.228 GC heap before
{Heap before GC invocations=10 (full 2):
 PSYoungGen      total 120832K, used 5616K [0x00000000e0000000, 0x00000000e9f80000, 0x0000000100000000)
  eden space 115200K, 0% used [0x00000000e0000000,0x00000000e0000000,0x00000000e7080000)
  from space 5632K, 99% used [0x00000000e7c80000,0x00000000e81fc010,0x00000000e8200000)
  to   space 12288K, 0% used [0x00000000e7080000,0x00000000e7080000,0x00000000e7c80000)
 ParOldGen       total 41984K, used 13613K [0x00000000a0000000, 0x00000000a2900000, 0x00000000e0000000)
  object space 41984K, 32% used [0x00000000a0000000,0x00000000a0d4b7d8,0x00000000a2900000)
 Metaspace       used 34532K, capacity 35230K, committed 35416K, reserved 1079296K
  class space    used 4691K, capacity 4961K, committed 4992K, reserved 1048576K
Event: 96.235 GC heap after
Heap after GC invocations=10 (full 2):
 PSYoungGen      total 120832K, used 0K [0x00000000e0000000, 0x00000000e9f80000, 0x0000000100000000)
  eden space 115200K, 0% used [0x00000000e0000000,0x00000000e0000000,0x00000000e7080000)
  from space 5632K, 0% used [0x00000000e7c80000,0x00000000e7c80000,0x00000000e8200000)
  to   space 12288K, 0% used [0x00000000e7080000,0x00000000e7080000,0x00000000e7c80000)
 ParOldGen       total 64000K, used 15939K [0x00000000a0000000, 0x00000000a3e80000, 0x00000000e0000000)
  object space 64000K, 24% used [0x00000000a0000000,0x00000000a0f90c30,0x00000000a3e80000)
 Metaspace       used 34532K, capacity 35230K, committed 35416K, reserved 1079296K
  class space    used 4691K, capacity 4961K, committed 4992K, reserved 1048576K
}
Event: 123.803 GC heap before
{Heap before GC invocations=11 (full 2):
 PSYoungGen      total 120832K, used 115200K [0x00000000e0000000, 0x00000000e9f80000, 0x0000000100000000)
  eden space 115200K, 100% used [0x00000000e0000000,0x00000000e7080000,0x00000000e7080000)
  from space 5632K, 0% used [0x00000000e7c80000,0x00000000e7c80000,0x00000000e8200000)
  to   space 12288K, 0% used [0x00000000e7080000,0x00000000e7080000,0x00000000e7c80000)
 ParOldGen       total 64000K, used 15939K [0x00000000a0000000, 0x00000000a3e80000, 0x00000000e0000000)
  object space 64000K, 24% used [0x00000000a0000000,0x00000000a0f90c30,0x00000000a3e80000)
 Metaspace       used 41726K, capacity 42676K, committed 42968K, reserved 1087488K
  class space    used 5560K, capacity 5851K, committed 5888K, reserved 1048576K
Event: 123.946 GC heap after
Heap after GC invocations=11 (full 2):
 PSYoungGen      total 127488K, used 12272K [0x00000000e0000000, 0x00000000ea300000, 0x0000000100000000)
  eden space 115200K, 0% used [0x00000000e0000000,0x00000000e0000000,0x00000000e7080000)
  from space 12288K, 99% used [0x00000000e7080000,0x00000000e7c7c090,0x00000000e7c80000)
  to   space 14336K, 0% used [0x00000000e9500000,0x00000000e9500000,0x00000000ea300000)
 ParOldGen       total 64000K, used 16368K [0x00000000a0000000, 0x00000000a3e80000, 0x00000000e0000000)
  object space 64000K, 25% used [0x00000000a0000000,0x00000000a0ffc070,0x00000000a3e80000)
 Metaspace       used 41726K, capacity 42676K, committed 42968K, reserved 1087488K
  class space    used 5560K, capacity 5851K, committed 5888K, reserved 1048576K
}
Event: 149.091 GC heap before
{Heap before GC invocations=12 (full 2):
 PSYoungGen      total 127488K, used 127472K [0x00000000e0000000, 0x00000000ea300000, 0x0000000100000000)
  eden space 115200K, 100% used [0x00000000e0000000,0x00000000e7080000,0x00000000e7080000)
  from space 12288K, 99% used [0x00000000e7080000,0x00000000e7c7c090,0x00000000e7c80000)
  to   space 14336K, 0% used [0x00000000e9500000,0x00000000e9500000,0x00000000ea300000)
 ParOldGen       total 64000K, used 16368K [0x00000000a0000000, 0x00000000a3e80000, 0x00000000e0000000)
  object space 64000K, 25% used [0x00000000a0000000,0x00000000a0ffc070,0x00000000a3e80000)
 Metaspace       used 47394K, capacity 48484K, committed 48856K, reserved 1091584K
  class space    used 6300K, capacity 6598K, committed 6656K, reserved 1048576K
Event: 149.322 GC heap after
Heap after GC invocations=12 (full 2):
 PSYoungGen      total 150528K, used 14332K [0x00000000e0000000, 0x00000000ea600000, 0x0000000100000000)
  eden space 136192K, 0% used [0x00000000e0000000,0x00000000e0000000,0x00000000e8500000)
  from space 14336K, 99% used [0x00000000e9500000,0x00000000ea2ff320,0x00000000ea300000)
  to   space 16384K, 0% used [0x00000000e8500000,0x00000000e8500000,0x00000000e9500000)
 ParOldGen       total 64000K, used 17061K [0x00000000a0000000, 0x00000000a3e80000, 0x00000000e0000000)
  object space 64000K, 26% used [0x00000000a0000000,0x00000000a10a96d8,0x00000000a3e80000)
 Metaspace       used 47394K, capacity 48484K, committed 48856K, reserved 1091584K
  class space    used 6300K, capacity 6598K, committed 6656K, reserved 1048576K
}
Event: 198.392 GC heap before
{Heap before GC invocations=13 (full 2):
 PSYoungGen      total 150528K, used 150524K [0x00000000e0000000, 0x00000000ea600000, 0x0000000100000000)
  eden space 136192K, 100% used [0x00000000e0000000,0x00000000e8500000,0x00000000e8500000)
  from space 14336K, 99% used [0x00000000e9500000,0x00000000ea2ff320,0x00000000ea300000)
  to   space 16384K, 0% used [0x00000000e8500000,0x00000000e8500000,0x00000000e9500000)
 ParOldGen       total 64000K, used 17061K [0x00000000a0000000, 0x00000000a3e80000, 0x00000000e0000000)
  object space 64000K, 26% used [0x00000000a0000000,0x00000000a10a96d8,0x00000000a3e80000)
 Metaspace       used 54725K, capacity 56502K, committed 56792K, reserved 1097728K
  class space    used 7378K, capacity 7816K, committed 7936K, reserved 1048576K
Event: 198.776 GC heap after
Heap after GC invocations=13 (full 2):
 PSYoungGen      total 152576K, used 16382K [0x00000000e0000000, 0x00000000ec700000, 0x0000000100000000)
  eden space 136192K, 0% used [0x00000000e0000000,0x00000000e0000000,0x00000000e8500000)
  from space 16384K, 99% used [0x00000000e8500000,0x00000000e94ffbc0,0x00000000e9500000)
  to   space 21504K, 0% used [0x00000000eb200000,0x00000000eb200000,0x00000000ec700000)
 ParOldGen       total 64000K, used 24579K [0x00000000a0000000, 0x00000000a3e80000, 0x00000000e0000000)
  object space 64000K, 38% used [0x00000000a0000000,0x00000000a1800eb0,0x00000000a3e80000)
 Metaspace       used 54725K, capacity 56502K, committed 56792K, reserved 1097728K
  class space    used 7378K, capacity 7816K, committed 7936K, reserved 1048576K
}

