# JRE version: OpenJDK Runtime Environment (8.0_152-b01) (build 1.8.0_152-release-915-b01)
# Java VM: OpenJDK 64-Bit Server VM (25.152-b01 mixed mode linux-amd64 compressed oops)
Heap:
 PSYoungGen      total 138752K, used 53470K [0x00000000e0000000, 0x00000000ea200000, 0x0000000100000000)
  eden space 132096K, 35% used [0x00000000e0000000,0x00000000e2e2af58,0x00000000e8100000)
  from space 6656K, 93% used [0x00000000e9b80000,0x00000000ea18cb40,0x00000000ea200000)
  to   space 15360K, 0% used [0x00000000e8400000,0x00000000e8400000,0x00000000e9300000)
 ParOldGen       total 83968K, used 32526K [0x00000000a0000000, 0x00000000a5200000, 0x00000000e0000000)
  object space 83968K, 38% used [0x00000000a0000000,0x00000000a1fc3950,0x00000000a5200000)
 Metaspace       used 61568K, capacity 63568K, committed 63832K, reserved 1103872K
  class space    used 8239K, capacity 8695K, committed 8792K, reserved 1048576K
GC Heap History (10 events):
Event: 295.591 GC heap before
{Heap before GC invocations=19 (full 2):
 PSYoungGen      total 98304K, used 98300K [0x00000000e0000000, 0x00000000e6f80000, 0x0000000100000000)
  eden space 87040K, 100% used [0x00000000e0000000,0x00000000e5500000,0x00000000e5500000)
  from space 11264K, 99% used [0x00000000e6200000,0x00000000e6cff2e0,0x00000000e6d00000)
  to   space 13312K, 0% used [0x00000000e5500000,0x00000000e5500000,0x00000000e6200000)
 ParOldGen       total 53248K, used 16650K [0x00000000a0000000, 0x00000000a3400000, 0x00000000e0000000)
  object space 53248K, 31% used [0x00000000a0000000,0x00000000a1042b08,0x00000000a3400000)
 Metaspace       used 50719K, capacity 51862K, committed 52184K, reserved 1093632K
  class space    used 6726K, capacity 7069K, committed 7128K, reserved 1048576K
Event: 295.864 GC heap after
Heap after GC invocations=19 (full 2):
 PSYoungGen      total 100352K, used 13307K [0x00000000e0000000, 0x00000000e8b80000, 0x0000000100000000)
  eden space 87040K, 0% used [0x00000000e0000000,0x00000000e0000000,0x00000000e5500000)
  from space 13312K, 99% used [0x00000000e5500000,0x00000000e61fefe0,0x00000000e6200000)
  to   space 16384K, 0% used [0x00000000e7b80000,0x00000000e7b80000,0x00000000e8b80000)
 ParOldGen       total 53248K, used 19581K [0x00000000a0000000, 0x00000000a3400000, 0x00000000e0000000)
  object space 53248K, 36% used [0x00000000a0000000,0x00000000a131f5c8,0x00000000a3400000)
 Metaspace       used 50719K, capacity 51862K, committed 52184K, reserved 1093632K
  class space    used 6726K, capacity 7069K, committed 7128K, reserved 1048576K
}
Event: 356.555 GC heap before
{Heap before GC invocations=20 (full 2):
 PSYoungGen      total 100352K, used 100347K [0x00000000e0000000, 0x00000000e8b80000, 0x0000000100000000)
  eden space 87040K, 100% used [0x00000000e0000000,0x00000000e5500000,0x00000000e5500000)
  from space 13312K, 99% used [0x00000000e5500000,0x00000000e61fefe0,0x00000000e6200000)
  to   space 16384K, 0% used [0x00000000e7b80000,0x00000000e7b80000,0x00000000e8b80000)
 ParOldGen       total 53248K, used 19581K [0x00000000a0000000, 0x00000000a3400000, 0x00000000e0000000)
  object space 53248K, 36% used [0x00000000a0000000,0x00000000a131f5c8,0x00000000a3400000)
 Metaspace       used 56259K, capacity 58104K, committed 58328K, reserved 1099776K
  class space    used 7571K, capacity 8050K, committed 8152K, reserved 1048576K
Event: 357.070 GC heap after
Heap after GC invocations=20 (full 2):
 PSYoungGen      total 122368K, used 9782K [0x00000000e0000000, 0x00000000e8900000, 0x0000000100000000)
  eden space 108544K, 0% used [0x00000000e0000000,0x00000000e0000000,0x00000000e6a00000)
  from space 13824K, 70% used [0x00000000e7b80000,0x00000000e850d8a8,0x00000000e8900000)
  to   space 15872K, 0% used [0x00000000e6a00000,0x00000000e6a00000,0x00000000e7980000)
 ParOldGen       total 53248K, used 28609K [0x00000000a0000000, 0x00000000a3400000, 0x00000000e0000000)
  object space 53248K, 53% used [0x00000000a0000000,0x00000000a1bf0700,0x00000000a3400000)
 Metaspace       used 56259K, capacity 58104K, committed 58328K, reserved 1099776K
  class space    used 7571K, capacity 8050K, committed 8152K, reserved 1048576K
}
Event: 363.311 GC heap before
{Heap before GC invocations=21 (full 2):
 PSYoungGen      total 122368K, used 25213K [0x00000000e0000000, 0x00000000e8900000, 0x0000000100000000)
  eden space 108544K, 14% used [0x00000000e0000000,0x00000000e0f11d88,0x00000000e6a00000)
  from space 13824K, 70% used [0x00000000e7b80000,0x00000000e850d8a8,0x00000000e8900000)
  to   space 15872K, 0% used [0x00000000e6a00000,0x00000000e6a00000,0x00000000e7980000)
 ParOldGen       total 53248K, used 28609K [0x00000000a0000000, 0x00000000a3400000, 0x00000000e0000000)
  object space 53248K, 53% used [0x00000000a0000000,0x00000000a1bf0700,0x00000000a3400000)
 Metaspace       used 57039K, capacity 58804K, committed 58968K, reserved 1099776K
  class space    used 7688K, capacity 8153K, committed 8280K, reserved 1048576K
Event: 364.090 GC heap after
Heap after GC invocations=21 (full 2):
 PSYoungGen      total 124416K, used 1985K [0x00000000e0000000, 0x00000000eab80000, 0x0000000100000000)
  eden space 108544K, 0% used [0x00000000e0000000,0x00000000e0000000,0x00000000e6a00000)
  from space 15872K, 12% used [0x00000000e6a00000,0x00000000e6bf06d8,0x00000000e7980000)
  to   space 16384K, 0% used [0x00000000e9b80000,0x00000000e9b80000,0x00000000eab80000)
 ParOldGen       total 53248K, used 33990K [0x00000000a0000000, 0x00000000a3400000, 0x00000000e0000000)
  object space 53248K, 63% used [0x00000000a0000000,0x00000000a2131ab0,0x00000000a3400000)
 Metaspace       used 57039K, capacity 58804K, committed 58968K, reserved 1099776K
  class space    used 7688K, capacity 8153K, committed 8280K, reserved 1048576K
}
Event: 364.090 GC heap before
{Heap before GC invocations=22 (full 3):
 PSYoungGen      total 124416K, used 1985K [0x00000000e0000000, 0x00000000eab80000, 0x0000000100000000)
  eden space 108544K, 0% used [0x00000000e0000000,0x00000000e0000000,0x00000000e6a00000)
  from space 15872K, 12% used [0x00000000e6a00000,0x00000000e6bf06d8,0x00000000e7980000)
  to   space 16384K, 0% used [0x00000000e9b80000,0x00000000e9b80000,0x00000000eab80000)
 ParOldGen       total 53248K, used 33990K [0x00000000a0000000, 0x00000000a3400000, 0x00000000e0000000)
  object space 53248K, 63% used [0x00000000a0000000,0x00000000a2131ab0,0x00000000a3400000)
 Metaspace       used 57039K, capacity 58804K, committed 58968K, reserved 1099776K
  class space    used 7688K, capacity 8153K, committed 8280K, reserved 1048576K
Event: 374.883 GC heap after
Heap after GC invocations=22 (full 3):
 PSYoungGen      total 124416K, used 0K [0x00000000e0000000, 0x00000000eab80000, 0x0000000100000000)
  eden space 108544K, 0% used [0x00000000e0000000,0x00000000e0000000,0x00000000e6a00000)
  from space 15872K, 0% used [0x00000000e6a00000,0x00000000e6a00000,0x00000000e7980000)
  to   space 16384K, 0% used [0x00000000e9b80000,0x00000000e9b80000,0x00000000eab80000)
 ParOldGen       total 83968K, used 32518K [0x00000000a0000000, 0x00000000a5200000, 0x00000000e0000000)
  object space 83968K, 38% used [0x00000000a0000000,0x00000000a1fc1950,0x00000000a5200000)
 Metaspace       used 57039K, capacity 58804K, committed 58968K, reserved 1099776K
  class space    used 7688K, capacity 8153K, committed 8280K, reserved 1048576K
}
Event: 457.198 GC heap before
{Heap before GC invocations=23 (full 3):
 PSYoungGen      total 124416K, used 108544K [0x00000000e0000000, 0x00000000eab80000, 0x0000000100000000)
  eden space 108544K, 100% used [0x00000000e0000000,0x00000000e6a00000,0x00000000e6a00000)
  from space 15872K, 0% used [0x00000000e6a00000,0x00000000e6a00000,0x00000000e7980000)
  to   space 16384K, 0% used [0x00000000e9b80000,0x00000000e9b80000,0x00000000eab80000)
 ParOldGen       total 83968K, used 32518K [0x00000000a0000000, 0x00000000a5200000, 0x00000000e0000000)
  object space 83968K, 38% used [0x00000000a0000000,0x00000000a1fc1950,0x00000000a5200000)
 Metaspace       used 59456K, capacity 61294K, committed 61528K, reserved 1101824K
  class space    used 7963K, capacity 8434K, committed 8536K, reserved 1048576K
Event: 457.447 GC heap after
Heap after GC invocations=23 (full 3):
 PSYoungGen      total 138752K, used 6194K [0x00000000e0000000, 0x00000000ea200000, 0x0000000100000000)
  eden space 132096K, 0% used [0x00000000e0000000,0x00000000e0000000,0x00000000e8100000)
  from space 6656K, 93% used [0x00000000e9b80000,0x00000000ea18cb40,0x00000000ea200000)
  to   space 15360K, 0% used [0x00000000e8400000,0x00000000e8400000,0x00000000e9300000)
 ParOldGen       total 83968K, used 32526K [0x00000000a0000000, 0x00000000a5200000, 0x00000000e0000000)
  object space 83968K, 38% used [0x00000000a0000000,0x00000000a1fc3950,0x00000000a5200000)
 Metaspace       used 59456K, capacity 61294K, committed 61528K, reserved 1101824K
  class space    used 7963K, capacity 8434K, committed 8536K, reserved 1048576K
}

